<?xml version="1.0" encoding="UTF-8"?>
<testng-results skipped="0" failed="1" total="2" passed="1">
  <reporter-output>
  </reporter-output>
  <suite name="Default suite" duration-ms="91" started-at="2021-09-24T13:08:56Z" finished-at="2021-09-24T13:08:56Z">
    <groups>
    </groups>
    <test name="Default test" duration-ms="91" started-at="2021-09-24T13:08:56Z" finished-at="2021-09-24T13:08:56Z">
      <class name="testPack.basicNG">
        <test-method status="PASS" signature="setupTest()[pri:0, instance:testPack.basicNG@6293abcc]" name="setupTest" is-config="true" duration-ms="44" started-at="2021-09-24T09:08:56Z" finished-at="2021-09-24T09:08:56Z">
          <reporter-output>
          </reporter-output>
        </test-method> <!-- setupTest -->
        <test-method status="PASS" signature="beforeEachTest()[pri:0, instance:testPack.basicNG@6293abcc]" name="beforeEachTest" is-config="true" duration-ms="1" started-at="2021-09-24T09:08:56Z" finished-at="2021-09-24T09:08:56Z">
          <reporter-output>
          </reporter-output>
        </test-method> <!-- beforeEachTest -->
        <test-method status="FAIL" signature="loginTest()[pri:1, instance:testPack.basicNG@6293abcc]" name="loginTest" duration-ms="10" started-at="2021-09-24T09:08:56Z" finished-at="2021-09-24T09:08:56Z">
          <exception class="java.lang.AssertionError">
            <message>
              <![CDATA[expected [test] but found [test1]]]>
            </message>
            <full-stacktrace>
              <![CDATA[java.lang.AssertionError: expected [test] but found [test1]
	at org.testng.Assert.fail(Assert.java:94)
	at org.testng.Assert.failNotEquals(Assert.java:496)
	at org.testng.Assert.assertEquals(Assert.java:125)
	at org.testng.Assert.assertEquals(Assert.java:178)
	at org.testng.Assert.assertEquals(Assert.java:188)
	at testPack.basicNG.loginTest(basicNG.java:32)
	at sun.reflect.NativeMethodAccessorImpl.invoke0(Native Method)
	at sun.reflect.NativeMethodAccessorImpl.invoke(NativeMethodAccessorImpl.java:62)
	at sun.reflect.DelegatingMethodAccessorImpl.invoke(DelegatingMethodAccessorImpl.java:43)
	at java.lang.reflect.Method.invoke(Method.java:498)
	at org.testng.internal.MethodInvocationHelper.invokeMethod(MethodInvocationHelper.java:85)
	at org.testng.internal.Invoker.invokeMethod(Invoker.java:639)
	at org.testng.internal.Invoker.invokeTestMethod(Invoker.java:816)
	at org.testng.internal.Invoker.invokeTestMethods(Invoker.java:1124)
	at org.testng.internal.TestMethodWorker.invokeTestMethods(TestMethodWorker.java:125)
	at org.testng.internal.TestMethodWorker.run(TestMethodWorker.java:108)
	at org.testng.TestRunner.privateRun(TestRunner.java:774)
	at org.testng.TestRunner.run(TestRunner.java:624)
	at org.testng.SuiteRunner.runTest(SuiteRunner.java:359)
	at org.testng.SuiteRunner.runSequentially(SuiteRunner.java:354)
	at org.testng.SuiteRunner.privateRun(SuiteRunner.java:312)
	at org.testng.SuiteRunner.run(SuiteRunner.java:261)
	at org.testng.SuiteRunnerWorker.runSuite(SuiteRunnerWorker.java:52)
	at org.testng.SuiteRunnerWorker.run(SuiteRunnerWorker.java:86)
	at org.testng.TestNG.runSuitesSequentially(TestNG.java:1215)
	at org.testng.TestNG.runSuitesLocally(TestNG.java:1140)
	at org.testng.TestNG.run(TestNG.java:1048)
	at org.testng.remote.AbstractRemoteTestNG.run(AbstractRemoteTestNG.java:115)
	at org.testng.remote.RemoteTestNG.initAndRun(RemoteTestNG.java:251)
	at org.testng.remote.RemoteTestNG.main(RemoteTestNG.java:77)
]]>
            </full-stacktrace>
          </exception> <!-- java.lang.AssertionError -->
          <reporter-output>
          </reporter-output>
        </test-method> <!-- loginTest -->
        <test-method status="PASS" signature="afterEachTest()[pri:0, instance:testPack.basicNG@6293abcc]" name="afterEachTest" is-config="true" duration-ms="1" started-at="2021-09-24T09:08:56Z" finished-at="2021-09-24T09:08:56Z">
          <reporter-output>
          </reporter-output>
        </test-method> <!-- afterEachTest -->
        <test-method status="PASS" signature="beforeEachTest()[pri:0, instance:testPack.basicNG@6293abcc]" name="beforeEachTest" is-config="true" duration-ms="0" started-at="2021-09-24T09:08:56Z" finished-at="2021-09-24T09:08:56Z">
          <reporter-output>
          </reporter-output>
        </test-method> <!-- beforeEachTest -->
        <test-method status="PASS" signature="SignUpTest()[pri:2, instance:testPack.basicNG@6293abcc]" name="SignUpTest" duration-ms="1" started-at="2021-09-24T09:08:56Z" finished-at="2021-09-24T09:08:56Z">
          <reporter-output>
          </reporter-output>
        </test-method> <!-- SignUpTest -->
        <test-method status="PASS" signature="afterEachTest()[pri:0, instance:testPack.basicNG@6293abcc]" name="afterEachTest" is-config="true" duration-ms="1" started-at="2021-09-24T09:08:56Z" finished-at="2021-09-24T09:08:56Z">
          <reporter-output>
          </reporter-output>
        </test-method> <!-- afterEachTest -->
        <test-method status="PASS" signature="endTest()[pri:0, instance:testPack.basicNG@6293abcc]" name="endTest" is-config="true" duration-ms="0" started-at="2021-09-24T09:08:56Z" finished-at="2021-09-24T09:08:56Z">
          <reporter-output>
          </reporter-output>
        </test-method> <!-- endTest -->
      </class> <!-- testPack.basicNG -->
    </test> <!-- Default test -->
  </suite> <!-- Default suite -->
</testng-results>
